{
  "0 debug pnpm:scope": {
    "selected": 1
  },
  "1 debug pnpm:package-manifest": {
    "initial": {},
    "prefix": "/home/tmohammad/.local/share/pnpm/store/v3/tmp/dlx-79451"
  },
  "2 debug pnpm:context": {
    "currentLockfileExists": false,
    "storeDir": "/home/tmohammad/.local/share/pnpm/store/v3",
    "virtualStoreDir": "/home/tmohammad/.local/share/pnpm/store/v3/tmp/dlx-79451/node_modules/.pnpm"
  },
  "3 debug pnpm:stage": {
    "prefix": "/home/tmohammad/.local/share/pnpm/store/v3/tmp/dlx-79451",
    "stage": "resolution_started"
  },
  "4 error pnpm": {
    "code": "ERR_PNPM_FETCH_404",
    "hint": "create-next-isr is not in the npm registry, or you have no permission to fetch it.\n\nNo authorization header was set for the request.",
    "request": {
      "url": "https://registry.npmjs.org/create-next-isr"
    },
    "response": {
      "size": 0
    },
    "pkgName": "create-next-isr",
    "spec": {
      "fetchSpec": "latest",
      "name": "create-next-isr",
      "type": "tag"
    },
    "pkgsStack": [],
    "err": {
      "name": "pnpm",
      "message": "GET https://registry.npmjs.org/create-next-isr: Not Found - 404",
      "code": "ERR_PNPM_FETCH_404",
      "stack": "pnpm: GET https://registry.npmjs.org/create-next-isr: Not Found - 404\n    at RetryOperation._fn (/home/tmohammad/.nvm/versions/node/v16.14.0/lib/node_modules/pnpm/dist/pnpm.cjs:84412:19)\n    at processTicksAndRejections (node:internal/process/task_queues:96:5)"
    }
  }
}